{
  message: 'Database connect successfully',
  level: 'info',
  label: 'Info yahoo!',
  timestamp: '2023-08-30T09:08:38.437Z'
}
{
  message: 'Database listening on port 5000',
  level: 'info',
  label: 'Info yahoo!',
  timestamp: '2023-08-30T09:08:38.449Z'
}
{
  message: 'Database connect successfully',
  level: 'info',
  label: 'Info yahoo!',
  timestamp: '2023-08-30T09:13:11.660Z'
}
{
  message: 'Database listening on port 5000',
  level: 'info',
  label: 'Info yahoo!',
  timestamp: '2023-08-30T09:13:11.674Z'
}
{
  message: 'Database connect successfully',
  level: 'info',
  label: 'Info yahoo!',
  timestamp: '2023-08-30T09:13:28.175Z'
}
{
  message: 'Database listening on port 5000',
  level: 'info',
  label: 'Info yahoo!',
  timestamp: '2023-08-30T09:13:28.212Z'
}
{
  message: 'Database connect successfully',
  level: 'info',
  label: 'Info yahoo!',
  timestamp: '2023-08-30T09:14:17.603Z'
}
{
  message: 'Database listening on port 5000',
  level: 'info',
  label: 'Info yahoo!',
  timestamp: '2023-08-30T09:14:17.619Z'
}
{
  message: 'Database connect successfully',
  level: 'info',
  label: 'Info yahoo!',
  timestamp: '2023-08-30T09:14:20.384Z'
}
{
  message: 'Database listening on port 5000',
  level: 'info',
  label: 'Info yahoo!',
  timestamp: '2023-08-30T09:14:20.402Z'
}
{
  message: 'Database connect successfully',
  level: 'info',
  label: 'Info yahoo!',
  timestamp: '2023-08-30T09:18:14.878Z'
}
{
  message: 'Database listening on port 5000',
  level: 'info',
  label: 'Info yahoo!',
  timestamp: '2023-08-30T09:18:14.896Z'
}
{
  message: 'Database connect successfully',
  level: 'info',
  label: 'Info yahoo!',
  timestamp: '2023-08-30T09:21:02.921Z'
}
{
  message: 'Database listening on port 5000',
  level: 'info',
  label: 'Info yahoo!',
  timestamp: '2023-08-30T09:21:02.955Z'
}
