{
  message: 'Database connect successfully',
  level: 'info',
  label: 'Info yahoo!',
  timestamp: '2023-08-30T05:22:10.354Z'
}
{
  message: 'Database listening on port 5000',
  level: 'info',
  label: 'Info yahoo!',
  timestamp: '2023-08-30T05:22:10.390Z'
}
{
  message: 'Database connect successfully',
  level: 'info',
  label: 'Info yahoo!',
  timestamp: '2023-08-30T05:22:24.818Z'
}
{
  message: 'Database listening on port 5000',
  level: 'info',
  label: 'Info yahoo!',
  timestamp: '2023-08-30T05:22:24.835Z'
}
{
  message: 'Database connect successfully',
  level: 'info',
  label: 'Info yahoo!',
  timestamp: '2023-08-30T05:22:43.678Z'
}
{
  message: 'Database listening on port 5000',
  level: 'info',
  label: 'Info yahoo!',
  timestamp: '2023-08-30T05:22:43.836Z'
}
{
  message: 'Database connect successfully',
  level: 'info',
  label: 'Info yahoo!',
  timestamp: '2023-08-30T05:27:13.638Z'
}
{
  message: 'Database listening on port 5000',
  level: 'info',
  label: 'Info yahoo!',
  timestamp: '2023-08-30T05:27:13.678Z'
}
{
  message: 'Database connect successfully',
  level: 'info',
  label: 'Info yahoo!',
  timestamp: '2023-08-30T05:30:36.635Z'
}
{
  message: 'Database listening on port 5000',
  level: 'info',
  label: 'Info yahoo!',
  timestamp: '2023-08-30T05:30:36.667Z'
}
