{
  message: 'Database connect successfully',
  level: 'info',
  label: 'Info yahoo!',
  timestamp: '2023-09-06T06:06:07.841Z'
}
{
  message: 'Database listening on port 5000',
  level: 'info',
  label: 'Info yahoo!',
  timestamp: '2023-09-06T06:06:07.901Z'
}
{
  message: 'Database connect successfully',
  level: 'info',
  label: 'Info yahoo!',
  timestamp: '2023-09-06T06:08:40.150Z'
}
{
  message: 'Database listening on port 5000',
  level: 'info',
  label: 'Info yahoo!',
  timestamp: '2023-09-06T06:08:40.197Z'
}
