{
  message: 'Database connect successfully',
  level: 'info',
  label: 'Info yahoo!',
  timestamp: '2023-08-30T11:33:29.467Z'
}
{
  message: 'Database listening on port 5000',
  level: 'info',
  label: 'Info yahoo!',
  timestamp: '2023-08-30T11:33:29.524Z'
}
{
  message: 'Database connect successfully',
  level: 'info',
  label: 'Info yahoo!',
  timestamp: '2023-08-30T11:37:07.125Z'
}
{
  message: 'Database listening on port 5000',
  level: 'info',
  label: 'Info yahoo!',
  timestamp: '2023-08-30T11:37:07.153Z'
}
{
  message: 'Database connect successfully',
  level: 'info',
  label: 'Info yahoo!',
  timestamp: '2023-08-30T11:38:13.958Z'
}
{
  message: 'Database listening on port 5000',
  level: 'info',
  label: 'Info yahoo!',
  timestamp: '2023-08-30T11:38:13.969Z'
}
{
  message: 'Database connect successfully',
  level: 'info',
  label: 'Info yahoo!',
  timestamp: '2023-08-30T11:49:10.864Z'
}
{
  message: 'Database listening on port 5000',
  level: 'info',
  label: 'Info yahoo!',
  timestamp: '2023-08-30T11:49:10.887Z'
}
{
  message: 'Database connect successfully',
  level: 'info',
  label: 'Info yahoo!',
  timestamp: '2023-08-30T11:57:07.409Z'
}
{
  message: 'Database listening on port 5000',
  level: 'info',
  label: 'Info yahoo!',
  timestamp: '2023-08-30T11:57:07.430Z'
}
