{
  message: 'Database connect successfully',
  level: 'info',
  label: 'Info yahoo!',
  timestamp: '2023-09-08T10:05:19.020Z'
}
{
  message: 'Database listening on port 5000',
  level: 'info',
  label: 'Info yahoo!',
  timestamp: '2023-09-08T10:05:19.074Z'
}
{
  message: 'Database connect successfully',
  level: 'info',
  label: 'Info yahoo!',
  timestamp: '2023-09-08T10:06:22.805Z'
}
{
  message: 'Database listening on port 5000',
  level: 'info',
  label: 'Info yahoo!',
  timestamp: '2023-09-08T10:06:22.857Z'
}
{
  message: 'Database connect successfully',
  level: 'info',
  label: 'Info yahoo!',
  timestamp: '2023-09-08T10:22:22.033Z'
}
{
  message: 'Database listening on port 5000',
  level: 'info',
  label: 'Info yahoo!',
  timestamp: '2023-09-08T10:22:22.075Z'
}
{
  message: 'Database connect successfully',
  level: 'info',
  label: 'Info yahoo!',
  timestamp: '2023-09-08T10:24:42.789Z'
}
{
  message: 'Database listening on port 5000',
  level: 'info',
  label: 'Info yahoo!',
  timestamp: '2023-09-08T10:24:42.836Z'
}
{
  message: 'Database connect successfully',
  level: 'info',
  label: 'Info yahoo!',
  timestamp: '2023-09-08T10:25:09.415Z'
}
{
  message: 'Database listening on port 5000',
  level: 'info',
  label: 'Info yahoo!',
  timestamp: '2023-09-08T10:25:09.433Z'
}
{
  message: 'Database connect successfully',
  level: 'info',
  label: 'Info yahoo!',
  timestamp: '2023-09-08T10:25:24.247Z'
}
{
  message: 'Database listening on port 5000',
  level: 'info',
  label: 'Info yahoo!',
  timestamp: '2023-09-08T10:25:24.379Z'
}
{
  message: 'Database connect successfully',
  level: 'info',
  label: 'Info yahoo!',
  timestamp: '2023-09-08T10:26:35.303Z'
}
{
  message: 'Database listening on port 5000',
  level: 'info',
  label: 'Info yahoo!',
  timestamp: '2023-09-08T10:26:35.317Z'
}
{
  message: 'Database connect successfully',
  level: 'info',
  label: 'Info yahoo!',
  timestamp: '2023-09-08T10:30:20.423Z'
}
{
  message: 'Database listening on port 5000',
  level: 'info',
  label: 'Info yahoo!',
  timestamp: '2023-09-08T10:30:20.439Z'
}
{
  message: 'Database connect successfully',
  level: 'info',
  label: 'Info yahoo!',
  timestamp: '2023-09-08T10:32:17.643Z'
}
{
  message: 'Database listening on port 5000',
  level: 'info',
  label: 'Info yahoo!',
  timestamp: '2023-09-08T10:32:17.661Z'
}
{
  message: 'Database connect successfully',
  level: 'info',
  label: 'Info yahoo!',
  timestamp: '2023-09-08T10:32:34.920Z'
}
{
  message: 'Database listening on port 5000',
  level: 'info',
  label: 'Info yahoo!',
  timestamp: '2023-09-08T10:32:34.946Z'
}
{
  message: 'Database connect successfully',
  level: 'info',
  label: 'Info yahoo!',
  timestamp: '2023-09-08T10:49:50.212Z'
}
{
  message: 'Database listening on port 5000',
  level: 'info',
  label: 'Info yahoo!',
  timestamp: '2023-09-08T10:49:50.266Z'
}
{
  message: 'Database connect successfully',
  level: 'info',
  label: 'Info yahoo!',
  timestamp: '2023-09-08T10:51:34.896Z'
}
{
  message: 'Database listening on port 5000',
  level: 'info',
  label: 'Info yahoo!',
  timestamp: '2023-09-08T10:51:34.943Z'
}
